Arguments: 
  /Users/matheusbickel/.nvm/versions/node/v14.20.1/bin/node /opt/homebrew/Cellar/yarn/1.22.19/libexec/bin/yarn.js install

PATH: 
  /Users/matheusbickel/.nvm/versions/node/v14.20.1/bin:/opt/homebrew/opt/php@7.4/sbin:/opt/homebrew/opt/php@7.4/bin:/opt/homebrew/opt/php@7.4/sbin:/opt/homebrew/opt/php@7.4/bin:/opt/homebrew/bin:/opt/homebrew/sbin:/usr/local/bin:/usr/bin:/bin:/usr/sbin:/sbin:/usr/local/go/bin:/Users/matheusbickel/.nvm/versions/node/v14.20.1/bin:/opt/homebrew/opt/php@7.4/sbin:/opt/homebrew/opt/php@7.4/bin:/opt/homebrew/bin:/opt/homebrew/sbin

Yarn version: 
  1.22.19

Node version: 
  14.20.1

Platform: 
  darwin x64

Trace: 
  SyntaxError: /Users/matheusbickel/www/MemoMaster/package.json: Unexpected token } in JSON at position 377
      at JSON.parse (<anonymous>)
      at /opt/homebrew/Cellar/yarn/1.22.19/libexec/lib/cli.js:1629:59
      at Generator.next (<anonymous>)
      at step (/opt/homebrew/Cellar/yarn/1.22.19/libexec/lib/cli.js:310:30)
      at /opt/homebrew/Cellar/yarn/1.22.19/libexec/lib/cli.js:321:13

npm manifest: 
  {
    "name": "MemoMaster",
    "version": "1.0.0",
    "main": "index.js",
    "scripts": {
      "start": "ts-node-dev --transpile-only src/app.ts",
      "build": "tsc --build",
      "test": "npx jest --detectOpenHandles --runInBand",
      "coverage": "npx jest --coverage"
    },
    "repository": {
      "type": "git",
      "repository": "https://github.com/Matheus-Bickel/MemoMaster.git",
    },
    "keywords": [],
    "author": "Matheus <devbickel@gmail.com>",
    "license": "ISC",
    "bugs": {
      "url": "https://github.com/Matheus-Bickel/financial/issues"
    },
    "homepage": "https://github.com/Matheus-Bickel/financial#readme",
    "devDependencies": {
      "@types/jest": "^29.5.0",
      "@types/mysql": "^2.15.21",
      "@types/node": "^18.15.11",
      "jest": "^29.5.0",
      "ts-node-dev": "^2.0.0",
      "typescript": "^5.0.2"
    },
    "dependencies": {
      "@types/express": "^4.17.17",
      "dotenv": "^16.0.3",
      "express": "^4.18.2",
      "node-ofx-parser": "^0.5.1",
      "reflect-metadata": "^0.1.13",
      "tsyringe": "^4.7.0",
      "typeorm": "^0.3.12"
    }
  }

yarn manifest: 
  No manifest

Lockfile: 
  No lockfile
